生成启动时间为 2012/11/18 23:38:12。
     1>项目“W:\作品\program\Chinese_Word_Sepration\Chinese_Word_Sepration\Chinese_Word_Sepration.vcxproj”在节点 2 上(build 个目标)。
     1>InitializeBuildStatus:
         正在创建“Release\Chinese_Word_Sepration.unsuccessfulbuild”，因为已指定“AlwaysCreate”。
       ClCompile:
         所有输出均为最新。
         P:\Program Files\Microsoft Visual Studio 10.0\VC\bin\CL.exe /c /Zi /nologo /W3 /WX- /Od /Oi /Oy- /GL /D _MBCS /Gm /EHsc /RTC1 /MD /GS /Gy- /fp:precise /Zc:wchar_t /Zc:forScope /Fo"Release\\" /Fd"Release\vc100.pdb" /Gd /TC /analyze- /errorReport:prompt file_service_thread.c keyvalue.c key_value_tcp.c lock_free_queue.c Test.c
         Test.c
     1>Test.c(29): warning C4244: “函数”: 从“time_t”转换到“unsigned int”，可能丢失数据
     1>Test.c(78): warning C4996: 'gets': This function or variable may be unsafe. Consider using gets_s instead. To disable deprecation, use _CRT_SECURE_NO_WARNINGS. See online help for details.
                 P:\Program Files\Microsoft Visual Studio 10.0\VC\include\stdio.h(277) : 参见“gets”的声明
     1>Test.c(79): warning C4996: 'strtok': This function or variable may be unsafe. Consider using strtok_s instead. To disable deprecation, use _CRT_SECURE_NO_WARNINGS. See online help for details.
                 P:\Program Files\Microsoft Visual Studio 10.0\VC\include\string.h(197) : 参见“strtok”的声明
     1>Test.c(86): warning C4996: 'strtok': This function or variable may be unsafe. Consider using strtok_s instead. To disable deprecation, use _CRT_SECURE_NO_WARNINGS. See online help for details.
                 P:\Program Files\Microsoft Visual Studio 10.0\VC\include\string.h(197) : 参见“strtok”的声明
     1>Test.c(92): warning C4996: 'strtok': This function or variable may be unsafe. Consider using strtok_s instead. To disable deprecation, use _CRT_SECURE_NO_WARNINGS. See online help for details.
                 P:\Program Files\Microsoft Visual Studio 10.0\VC\include\string.h(197) : 参见“strtok”的声明
     1>Test.c(93): warning C4996: 'strtok': This function or variable may be unsafe. Consider using strtok_s instead. To disable deprecation, use _CRT_SECURE_NO_WARNINGS. See online help for details.
                 P:\Program Files\Microsoft Visual Studio 10.0\VC\include\string.h(197) : 参见“strtok”的声明
     1>Test.c(41): warning C4101: “pid”: 未引用的局部变量
     1>Test.c(179): warning C4101: “i”: 未引用的局部变量
     1>Test.c(182): warning C4101: “s”: 未引用的局部变量
     1>Test.c(180): warning C4101: “end”: 未引用的局部变量
     1>Test.c(180): warning C4101: “start”: 未引用的局部变量
     1>Test.c(181): warning C4101: “s2”: 未引用的局部变量
     1>Test.c(181): warning C4101: “s1”: 未引用的局部变量
         lock_free_queue.c
         key_value_tcp.c
     1>key_value_tcp.c(9): warning C4101: “ptr”: 未引用的局部变量
     1>key_value_tcp.c(6): warning C4101: “nLeft”: 未引用的局部变量
         keyvalue.c
     1>keyvalue.c(59): warning C4996: 'strcpy': This function or variable may be unsafe. Consider using strcpy_s instead. To disable deprecation, use _CRT_SECURE_NO_WARNINGS. See online help for details.
     1>keyvalue.c(61): warning C4996: 'strcpy': This function or variable may be unsafe. Consider using strcpy_s instead. To disable deprecation, use _CRT_SECURE_NO_WARNINGS. See online help for details.
         file_service_thread.c
     1>file_service_thread.c(18): warning C4996: 'fopen': This function or variable may be unsafe. Consider using fopen_s instead. To disable deprecation, use _CRT_SECURE_NO_WARNINGS. See online help for details.
                 P:\Program Files\Microsoft Visual Studio 10.0\VC\include\stdio.h(234) : 参见“fopen”的声明
     1>file_service_thread.c(26): warning C4996: 'fopen': This function or variable may be unsafe. Consider using fopen_s instead. To disable deprecation, use _CRT_SECURE_NO_WARNINGS. See online help for details.
                 P:\Program Files\Microsoft Visual Studio 10.0\VC\include\stdio.h(234) : 参见“fopen”的声明
     1>file_service_thread.c(48): warning C4996: 'fopen': This function or variable may be unsafe. Consider using fopen_s instead. To disable deprecation, use _CRT_SECURE_NO_WARNINGS. See online help for details.
                 P:\Program Files\Microsoft Visual Studio 10.0\VC\include\stdio.h(234) : 参见“fopen”的声明
     1>file_service_thread.c(59): warning C4996: 'strcpy': This function or variable may be unsafe. Consider using strcpy_s instead. To disable deprecation, use _CRT_SECURE_NO_WARNINGS. See online help for details.
     1>file_service_thread.c(60): warning C4996: 'strcpy': This function or variable may be unsafe. Consider using strcpy_s instead. To disable deprecation, use _CRT_SECURE_NO_WARNINGS. See online help for details.
     1>file_service_thread.c(96): warning C4996: 'fopen': This function or variable may be unsafe. Consider using fopen_s instead. To disable deprecation, use _CRT_SECURE_NO_WARNINGS. See online help for details.
                 P:\Program Files\Microsoft Visual Studio 10.0\VC\include\stdio.h(234) : 参见“fopen”的声明
     1>file_service_thread.c(106): warning C4996: 'strcpy': This function or variable may be unsafe. Consider using strcpy_s instead. To disable deprecation, use _CRT_SECURE_NO_WARNINGS. See online help for details.
     1>file_service_thread.c(134): warning C4996: 'fopen': This function or variable may be unsafe. Consider using fopen_s instead. To disable deprecation, use _CRT_SECURE_NO_WARNINGS. See online help for details.
                 P:\Program Files\Microsoft Visual Studio 10.0\VC\include\stdio.h(234) : 参见“fopen”的声明
     1>file_service_thread.c(168): warning C4996: 'strcpy': This function or variable may be unsafe. Consider using strcpy_s instead. To disable deprecation, use _CRT_SECURE_NO_WARNINGS. See online help for details.
     1>file_service_thread.c(169): warning C4996: 'strcpy': This function or variable may be unsafe. Consider using strcpy_s instead. To disable deprecation, use _CRT_SECURE_NO_WARNINGS. See online help for details.
       Link:
         P:\Program Files\Microsoft Visual Studio 10.0\VC\bin\link.exe /ERRORREPORT:PROMPT /OUT:"W:\作品\program\Chinese_Word_Sepration\Release\Chinese_Word_Sepration.exe" /NOLOGO kernel32.lib user32.lib gdi32.lib winspool.lib comdlg32.lib advapi32.lib shell32.lib ole32.lib oleaut32.lib uuid.lib odbc32.lib odbccp32.lib /MANIFEST /ManifestFile:"Release\Chinese_Word_Sepration.exe.intermediate.manifest" /MANIFESTUAC:"level='asInvoker' uiAccess='false'" /DEBUG /PDB:"W:\作品\program\Chinese_Word_Sepration\Release\Chinese_Word_Sepration.pdb" /OPT:REF /OPT:ICF /LTCG /TLBID:1 /DYNAMICBASE /NXCOMPAT /IMPLIB:"W:\作品\program\Chinese_Word_Sepration\Release\Chinese_Word_Sepration.lib" /MACHINE:X86 Release\file_service_thread.obj
         Release\keyvalue.obj
         Release\key_value_tcp.obj
         Release\lock_free_queue.obj
         Release\Test.obj
         正在生成代码
     1>w:\作品\program\chinese_word_sepration\chinese_word_sepration\file_service_thread.c(76): warning C4716: “restruct_key_value”: 必须返回一个值
         已完成代码的生成
         Chinese_Word_Sepration.vcxproj -> W:\作品\program\Chinese_Word_Sepration\Release\Chinese_Word_Sepration.exe
       Manifest:
         C:\Program Files\Microsoft SDKs\Windows\v7.0A\bin\mt.exe /nologo /verbose /outputresource:"W:\作品\program\Chinese_Word_Sepration\Release\Chinese_Word_Sepration.exe;#1" /manifest Release\Chinese_Word_Sepration.exe.intermediate.manifest
       FinalizeBuildStatus:
         正在删除文件“Release\Chinese_Word_Sepration.unsuccessfulbuild”。
         正在对“Release\Chinese_Word_Sepration.lastbuildstate”执行 Touch 任务。
     1>已完成生成项目“W:\作品\program\Chinese_Word_Sepration\Chinese_Word_Sepration\Chinese_Word_Sepration.vcxproj”(build 个目标)的操作。

生成成功。

已用时间 00:00:04.09
