生成启动时间为 2013/1/22 20:20:15。
     1>项目“W:\作品\program\Chinese_Word_Sepration\Chinese_Word_Sepration\Chinese_Word_Sepration.vcxproj”在节点 2 上(build 个目标)。
     1>InitializeBuildStatus:
         正在创建“Debug\Chinese_Word_Sepration.unsuccessfulbuild”，因为已指定“AlwaysCreate”。
       ClCompile:
         P:\Program Files\Microsoft Visual Studio 10.0\VC\bin\CL.exe /c /I"W:\作品\program\Chinese_Word_Sepration\Chinese_Word_Sepration\libevent\event2" /I"W:\作品\program\Chinese_Word_Sepration\Chinese_Word_Sepration\libevent" /ZI /nologo /W3 /WX- /Od /Oy- /D _MBCS /Gm /EHsc /RTC1 /MTd /GS /Gy- /fp:precise /Zc:wchar_t /Zc:forScope /Fo"Debug\\" /Fd"Debug\vc100.pdb" /Gd /TC /analyze- /errorReport:prompt "trie-tree.c"
         trie-tree.c
     1>w:\作品\program\chinese_word_sepration\chinese_word_sepration\cstl\list.h : warning C4819: 该文件包含不能在当前代码页(936)中表示的字符。请将该文件保存为 Unicode 格式以防止数据丢失
     1>w:\作品\program\chinese_word_sepration\chinese_word_sepration\trie-tree.c(36): warning C4996: 'strcpy': This function or variable may be unsafe. Consider using strcpy_s instead. To disable deprecation, use _CRT_SECURE_NO_WARNINGS. See online help for details.
                 p:\program files\microsoft visual studio 10.0\vc\include\string.h(105) : 参见“strcpy”的声明
     1>w:\作品\program\chinese_word_sepration\chinese_word_sepration\trie-tree.c(38): warning C4996: 'strcpy': This function or variable may be unsafe. Consider using strcpy_s instead. To disable deprecation, use _CRT_SECURE_NO_WARNINGS. See online help for details.
                 p:\program files\microsoft visual studio 10.0\vc\include\string.h(105) : 参见“strcpy”的声明
     1>w:\作品\program\chinese_word_sepration\chinese_word_sepration\trie-tree.c(48): warning C4996: 'strcpy': This function or variable may be unsafe. Consider using strcpy_s instead. To disable deprecation, use _CRT_SECURE_NO_WARNINGS. See online help for details.
                 p:\program files\microsoft visual studio 10.0\vc\include\string.h(105) : 参见“strcpy”的声明
     1>w:\作品\program\chinese_word_sepration\chinese_word_sepration\trie-tree.c(49): warning C4996: 'strcpy': This function or variable may be unsafe. Consider using strcpy_s instead. To disable deprecation, use _CRT_SECURE_NO_WARNINGS. See online help for details.
                 p:\program files\microsoft visual studio 10.0\vc\include\string.h(105) : 参见“strcpy”的声明
     1>w:\作品\program\chinese_word_sepration\chinese_word_sepration\trie-tree.c(67): warning C4018: “>=”: 有符号/无符号不匹配
     1>w:\作品\program\chinese_word_sepration\chinese_word_sepration\trie-tree.c(74): warning C4018: “>=”: 有符号/无符号不匹配
     1>w:\作品\program\chinese_word_sepration\chinese_word_sepration\trie-tree.c(86): warning C4172: 返回局部变量或临时变量的地址
     1>w:\作品\program\chinese_word_sepration\chinese_word_sepration\trie-tree.c(95): warning C4018: “>”: 有符号/无符号不匹配
     1>w:\作品\program\chinese_word_sepration\chinese_word_sepration\trie-tree.c(123): warning C4018: “>=”: 有符号/无符号不匹配
     1>w:\作品\program\chinese_word_sepration\chinese_word_sepration\trie-tree.c(169): warning C4018: “>”: 有符号/无符号不匹配
     1>w:\作品\program\chinese_word_sepration\chinese_word_sepration\trie-tree.c(173): warning C4996: 'sprintf': This function or variable may be unsafe. Consider using sprintf_s instead. To disable deprecation, use _CRT_SECURE_NO_WARNINGS. See online help for details.
                 p:\program files\microsoft visual studio 10.0\vc\include\stdio.h(371) : 参见“sprintf”的声明
     1>w:\作品\program\chinese_word_sepration\chinese_word_sepration\trie-tree.c(177): warning C4996: 'sprintf': This function or variable may be unsafe. Consider using sprintf_s instead. To disable deprecation, use _CRT_SECURE_NO_WARNINGS. See online help for details.
                 p:\program files\microsoft visual studio 10.0\vc\include\stdio.h(371) : 参见“sprintf”的声明
     1>w:\作品\program\chinese_word_sepration\chinese_word_sepration\trie-tree.c(27): warning C4715: “create_root_trie”: 不是所有的控件路径都返回值
     1>w:\作品\program\chinese_word_sepration\chinese_word_sepration\trie-tree.c(221): warning C4715: “trie_get”: 不是所有的控件路径都返回值
     1>w:\作品\program\chinese_word_sepration\chinese_word_sepration\trie-tree.c(273): warning C4715: “trie_save”: 不是所有的控件路径都返回值
       Link:
         P:\Program Files\Microsoft Visual Studio 10.0\VC\bin\link.exe /ERRORREPORT:PROMPT /OUT:"W:\作品\program\Chinese_Word_Sepration\Debug\Chinese_Word_Sepration.exe" /NOLOGO /LIBPATH:"W:\作品\program\Chinese_Word_Sepration\Chinese_Word_Sepration\lib" advapi32.lib ws2_32.lib wsock32.lib libevent.lib libevent_core.lib libevent_extras.lib /NODEFAULTLIB:libc.lib /NODEFAULTLIB:msvcrt.lib /NODEFAULTLIB:libcd.lib /NODEFAULTLIB:libcmtd.lib /NODEFAULTLIB:msvcrtd.lib /MANIFEST /ManifestFile:"Debug\Chinese_Word_Sepration.exe.intermediate.manifest" /MANIFESTUAC:"level='asInvoker' uiAccess='false'" /DEBUG /PDB:"W:\作品\program\Chinese_Word_Sepration\Debug\Chinese_Word_Sepration.pdb" /TLBID:1 /DYNAMICBASE /NXCOMPAT /IMPLIB:"W:\作品\program\Chinese_Word_Sepration\Debug\Chinese_Word_Sepration.lib" /MACHINE:X86 Debug\allocate.obj
         Debug\cJSON.obj
         Debug\cstlib.obj
         Debug\except.obj
         Debug\keyvalue.obj
         Debug\key_value_tcp.obj
         Debug\lock_free_queue.obj
         Debug\Test.obj
         "Debug\trie-tree.obj"
         LINK : 没有找到 W:\作品\program\Chinese_Word_Sepration\Debug\Chinese_Word_Sepration.exe 或上一个增量链接没有生成它；正在执行完全链接
         Chinese_Word_Sepration.vcxproj -> W:\作品\program\Chinese_Word_Sepration\Debug\Chinese_Word_Sepration.exe
       Manifest:
         C:\Program Files\Microsoft SDKs\Windows\v7.0A\bin\mt.exe /nologo /verbose /outputresource:"W:\作品\program\Chinese_Word_Sepration\Debug\Chinese_Word_Sepration.exe;#1" /manifest Debug\Chinese_Word_Sepration.exe.intermediate.manifest "P:\Program Files\Microsoft Visual Studio 10.0\VC\Include\Manifest\dpiaware.manifest"
       FinalizeBuildStatus:
         正在删除文件“Debug\Chinese_Word_Sepration.unsuccessfulbuild”。
         正在对“Debug\Chinese_Word_Sepration.lastbuildstate”执行 Touch 任务。
     1>已完成生成项目“W:\作品\program\Chinese_Word_Sepration\Chinese_Word_Sepration\Chinese_Word_Sepration.vcxproj”(build 个目标)的操作。

生成成功。

已用时间 00:00:03.67
