W:\作品\PROGRAM\CHINESE_WORD_SEPRATION\CHINESE_WORD_SEPRATION\DEBUG\ALLOCATE.OBJ
W:\作品\PROGRAM\CHINESE_WORD_SEPRATION\CHINESE_WORD_SEPRATION\DEBUG\CHINESE_WORD_SEPRATION.EXE.INTERMEDIATE.MANIFEST
W:\作品\PROGRAM\CHINESE_WORD_SEPRATION\CHINESE_WORD_SEPRATION\DEBUG\CJSON.OBJ
W:\作品\program\Chinese_Word_Sepration\Chinese_Word_Sepration\Debug\cl.command.1.tlog
W:\作品\program\Chinese_Word_Sepration\Chinese_Word_Sepration\Debug\CL.read.1.tlog
W:\作品\program\Chinese_Word_Sepration\Chinese_Word_Sepration\Debug\CL.write.1.tlog
W:\作品\PROGRAM\CHINESE_WORD_SEPRATION\CHINESE_WORD_SEPRATION\DEBUG\CSTLIB.OBJ
W:\作品\PROGRAM\CHINESE_WORD_SEPRATION\CHINESE_WORD_SEPRATION\DEBUG\EXCEPT.OBJ
W:\作品\PROGRAM\CHINESE_WORD_SEPRATION\CHINESE_WORD_SEPRATION\DEBUG\FILE_SERVICE_THREAD.OBJ
W:\作品\PROGRAM\CHINESE_WORD_SEPRATION\CHINESE_WORD_SEPRATION\DEBUG\KEY_VALUE_TCP.OBJ
W:\作品\PROGRAM\CHINESE_WORD_SEPRATION\CHINESE_WORD_SEPRATION\DEBUG\KEYVALUE.OBJ
W:\作品\program\Chinese_Word_Sepration\Chinese_Word_Sepration\Debug\link.command.1.tlog
W:\作品\program\Chinese_Word_Sepration\Chinese_Word_Sepration\Debug\link.read.1.tlog
W:\作品\program\Chinese_Word_Sepration\Chinese_Word_Sepration\Debug\link.write.1.tlog
W:\作品\PROGRAM\CHINESE_WORD_SEPRATION\CHINESE_WORD_SEPRATION\DEBUG\LOCK_FREE_QUEEN.OBJ
W:\作品\PROGRAM\CHINESE_WORD_SEPRATION\CHINESE_WORD_SEPRATION\DEBUG\LOCK_FREE_QUEUE.OBJ
W:\作品\program\Chinese_Word_Sepration\Chinese_Word_Sepration\Debug\mt.command.1.tlog
W:\作品\program\Chinese_Word_Sepration\Chinese_Word_Sepration\Debug\mt.read.1.tlog
W:\作品\program\Chinese_Word_Sepration\Chinese_Word_Sepration\Debug\mt.write.1.tlog
W:\作品\PROGRAM\CHINESE_WORD_SEPRATION\CHINESE_WORD_SEPRATION\DEBUG\TEST.OBJ
W:\作品\program\Chinese_Word_Sepration\Chinese_Word_Sepration\Debug\vc100.idb
W:\作品\PROGRAM\CHINESE_WORD_SEPRATION\CHINESE_WORD_SEPRATION\DEBUG\VC100.PDB
W:\作品\PROGRAM\CHINESE_WORD_SEPRATION\DEBUG\CHINESE_WORD_SEPRATION.EXE
W:\作品\PROGRAM\CHINESE_WORD_SEPRATION\DEBUG\CHINESE_WORD_SEPRATION.ILK
W:\作品\PROGRAM\CHINESE_WORD_SEPRATION\DEBUG\CHINESE_WORD_SEPRATION.PDB
